2014/05/23 18:43:17 [error] [exception.CDbException] exception 'CDbException' with message 'CDbConnection failed to open the DB connection: SQLSTATE[HY000] [1045] Access denied for user 'root'@'localhost' (using password: YES)' in C:\xampp\htdocs\alc-total\framework\db\CDbConnection.php:382
Stack trace:
#0 C:\xampp\htdocs\alc-total\framework\db\CDbConnection.php(330): CDbConnection->open()
#1 C:\xampp\htdocs\alc-total\framework\db\CDbConnection.php(308): CDbConnection->setActive(true)
#2 C:\xampp\htdocs\alc-total\framework\base\CModule.php(387): CDbConnection->init()
#3 C:\xampp\htdocs\alc-total\framework\base\CApplication.php(450): CModule->getComponent('db')
#4 C:\xampp\htdocs\alc-total\framework\db\ar\CActiveRecord.php(634): CApplication->getDb()
#5 C:\xampp\htdocs\alc-total\framework\db\ar\CActiveRecord.php(667): CActiveRecord->getDbConnection()
#6 C:\xampp\htdocs\alc-total\framework\db\ar\CActiveRecord.php(1595): CActiveRecord->getCommandBuilder()
#7 C:\xampp\htdocs\alc-total\framework\web\CActiveDataProvider.php(228): CActiveRecord->count(Object(CDbCriteria))
#8 C:\xampp\htdocs\alc-total\framework\web\CDataProvider.php(224): CActiveDataProvider->calculateTotalItemCount()
#9 C:\xampp\htdocs\alc-total\framework\web\CActiveDataProvider.php(178): CDataProvider->getTotalItemCount()
#10 C:\xampp\htdocs\alc-total\framework\web\CDataProvider.php(168): CActiveDataProvider->fetchData()
#11 C:\xampp\htdocs\alc-total\framework\zii\widgets\CBaseListView.php(111): CDataProvider->getData()
#12 C:\xampp\htdocs\alc-total\framework\zii\widgets\grid\CGridView.php(339): CBaseListView->init()
#13 C:\xampp\htdocs\alc-total\framework\web\CBaseController.php(147): CGridView->init()
#14 C:\xampp\htdocs\alc-total\framework\web\CBaseController.php(172): CBaseController->createWidget('zii.widgets.gri...', Array)
#15 C:\xampp\htdocs\alc-total\protected\views\contest\teacher\index.php(60): CBaseController->widget('zii.widgets.gri...', Array)
#16 C:\xampp\htdocs\alc-total\framework\web\CBaseController.php(126): require('C:\xampp\htdocs...')
#17 C:\xampp\htdocs\alc-total\framework\web\CBaseController.php(95): CBaseController->renderInternal('C:\xampp\htdocs...', Array, true)
#18 C:\xampp\htdocs\alc-total\framework\web\CController.php(869): CBaseController->renderFile('C:\xampp\htdocs...', Array, true)
#19 C:\xampp\htdocs\alc-total\framework\web\CController.php(782): CController->renderPartial('teacher/index', Array, true)
#20 C:\xampp\htdocs\alc-total\protected\controllers\ContestController.php(630): CController->render('teacher/index', Array)
#21 [internal function]: ContestController->actionIndex(0)
#22 C:\xampp\htdocs\alc-total\framework\web\actions\CAction.php(108): ReflectionMethod->invokeArgs(Object(ContestController), Array)
#23 C:\xampp\htdocs\alc-total\framework\web\actions\CInlineAction.php(47): CAction->runWithParamsInternal(Object(ContestController), Object(ReflectionMethod), Array)
#24 C:\xampp\htdocs\alc-total\framework\web\CController.php(308): CInlineAction->runWithParams(Array)
#25 C:\xampp\htdocs\alc-total\framework\web\filters\CFilterChain.php(133): CController->runAction(Object(CInlineAction))
#26 C:\xampp\htdocs\alc-total\framework\web\filters\CFilter.php(40): CFilterChain->run()
#27 C:\xampp\htdocs\alc-total\framework\web\CController.php(1145): CFilter->filter(Object(CFilterChain))
#28 C:\xampp\htdocs\alc-total\framework\web\filters\CInlineFilter.php(58): CController->filterAccessControl(Object(CFilterChain))
#29 C:\xampp\htdocs\alc-total\framework\web\filters\CFilterChain.php(130): CInlineFilter->filter(Object(CFilterChain))
#30 C:\xampp\htdocs\alc-total\framework\web\CController.php(291): CFilterChain->run()
#31 C:\xampp\htdocs\alc-total\framework\web\CController.php(265): CController->runActionWithFilters(Object(CInlineAction), Array)
#32 C:\xampp\htdocs\alc-total\framework\web\CWebApplication.php(282): CController->run('')
#33 C:\xampp\htdocs\alc-total\framework\web\CWebApplication.php(141): CWebApplication->runController('contest')
#34 C:\xampp\htdocs\alc-total\framework\base\CApplication.php(180): CWebApplication->processRequest()
#35 C:\xampp\htdocs\alc-total\index.php(15): CApplication->run()
#36 {main}
REQUEST_URI=/alc-total/index.php/contest/
---
2014/05/23 18:43:44 [warning] [application] Failed to set unsafe attribute "id" of "ContestForm".
in C:\xampp\htdocs\alc-total\protected\controllers\ContestController.php (227)
in C:\xampp\htdocs\alc-total\index.php (15)
2014/05/23 18:43:44 [warning] [application] Failed to set unsafe attribute "type" of "ContestForm".
in C:\xampp\htdocs\alc-total\protected\controllers\ContestController.php (227)
in C:\xampp\htdocs\alc-total\index.php (15)
2014/05/23 18:43:46 [error] [system.db.CDbCommand] CDbCommand::fetchColumn() failed: SQLSTATE[42S22]: Column not found: 1054 Unknown column 'contest_id' in 'where clause'. The SQL statement executed was: SELECT COUNT(*) FROM `image` `t` WHERE contest_id=50.
in C:\xampp\htdocs\alc-total\protected\views\contest\image.php (61)
in C:\xampp\htdocs\alc-total\protected\controllers\ContestController.php (1057)
in C:\xampp\htdocs\alc-total\index.php (15)
2014/05/23 18:43:46 [error] [exception.CDbException] exception 'CDbException' with message 'CDbCommand failed to execute the SQL statement: SQLSTATE[42S22]: Column not found: 1054 Unknown column 'contest_id' in 'where clause'. The SQL statement executed was: SELECT COUNT(*) FROM `image` `t` WHERE contest_id=50' in C:\xampp\htdocs\alc-total\framework\db\CDbCommand.php:543
Stack trace:
#0 C:\xampp\htdocs\alc-total\framework\db\CDbCommand.php(433): CDbCommand->queryInternal('fetchColumn', 0, Array)
#1 C:\xampp\htdocs\alc-total\framework\db\ar\CActiveRecord.php(1601): CDbCommand->queryScalar()
#2 C:\xampp\htdocs\alc-total\framework\web\CActiveDataProvider.php(228): CActiveRecord->count(Object(CDbCriteria))
#3 C:\xampp\htdocs\alc-total\framework\web\CDataProvider.php(224): CActiveDataProvider->calculateTotalItemCount()
#4 C:\xampp\htdocs\alc-total\framework\web\CActiveDataProvider.php(178): CDataProvider->getTotalItemCount()
#5 C:\xampp\htdocs\alc-total\framework\web\CDataProvider.php(168): CActiveDataProvider->fetchData()
#6 C:\xampp\htdocs\alc-total\framework\zii\widgets\CBaseListView.php(111): CDataProvider->getData()
#7 C:\xampp\htdocs\alc-total\framework\zii\widgets\CListView.php(211): CBaseListView->init()
#8 C:\xampp\htdocs\alc-total\framework\web\CBaseController.php(147): CListView->init()
#9 C:\xampp\htdocs\alc-total\framework\web\CBaseController.php(172): CBaseController->createWidget('zii.widgets.CLi...', Array)
#10 C:\xampp\htdocs\alc-total\protected\views\contest\image.php(61): CBaseController->widget('zii.widgets.CLi...', Array)
#11 C:\xampp\htdocs\alc-total\framework\web\CBaseController.php(126): require('C:\xampp\htdocs...')
#12 C:\xampp\htdocs\alc-total\framework\web\CBaseController.php(95): CBaseController->renderInternal('C:\xampp\htdocs...', Array, true)
#13 C:\xampp\htdocs\alc-total\framework\web\CController.php(869): CBaseController->renderFile('C:\xampp\htdocs...', Array, true)
#14 C:\xampp\htdocs\alc-total\framework\web\CController.php(782): CController->renderPartial('image', Array, true)
#15 C:\xampp\htdocs\alc-total\protected\controllers\ContestController.php(1057): CController->render('image', Array)
#16 [internal function]: ContestController->actionImage('50')
#17 C:\xampp\htdocs\alc-total\framework\web\actions\CAction.php(108): ReflectionMethod->invokeArgs(Object(ContestController), Array)
#18 C:\xampp\htdocs\alc-total\framework\web\actions\CInlineAction.php(47): CAction->runWithParamsInternal(Object(ContestController), Object(ReflectionMethod), Array)
#19 C:\xampp\htdocs\alc-total\framework\web\CController.php(308): CInlineAction->runWithParams(Array)
#20 C:\xampp\htdocs\alc-total\framework\web\filters\CFilterChain.php(133): CController->runAction(Object(CInlineAction))
#21 C:\xampp\htdocs\alc-total\framework\web\filters\CFilter.php(40): CFilterChain->run()
#22 C:\xampp\htdocs\alc-total\framework\web\CController.php(1145): CFilter->filter(Object(CFilterChain))
#23 C:\xampp\htdocs\alc-total\framework\web\filters\CInlineFilter.php(58): CController->filterAccessControl(Object(CFilterChain))
#24 C:\xampp\htdocs\alc-total\framework\web\filters\CFilterChain.php(130): CInlineFilter->filter(Object(CFilterChain))
#25 C:\xampp\htdocs\alc-total\framework\web\CController.php(291): CFilterChain->run()
#26 C:\xampp\htdocs\alc-total\framework\web\CController.php(265): CController->runActionWithFilters(Object(CInlineAction), Array)
#27 C:\xampp\htdocs\alc-total\framework\web\CWebApplication.php(282): CController->run('image')
#28 C:\xampp\htdocs\alc-total\framework\web\CWebApplication.php(141): CWebApplication->runController('contest/image')
#29 C:\xampp\htdocs\alc-total\framework\base\CApplication.php(180): CWebApplication->processRequest()
#30 C:\xampp\htdocs\alc-total\index.php(15): CApplication->run()
#31 {main}
REQUEST_URI=/alc-total/index.php/contest/50/image
HTTP_REFERER=http://localhost/alc-total/index.php/contest/50/update
---
2014/05/23 19:10:22 [warning] [application] Failed to set unsafe attribute "id" of "ContestForm".
in C:\xampp\htdocs\alc-total\protected\controllers\ContestController.php (227)
in C:\xampp\htdocs\alc-total\index.php (15)
2014/05/23 19:10:22 [warning] [application] Failed to set unsafe attribute "type" of "ContestForm".
in C:\xampp\htdocs\alc-total\protected\controllers\ContestController.php (227)
in C:\xampp\htdocs\alc-total\index.php (15)
2014/05/23 19:12:43 [warning] [application] Failed to set unsafe attribute "id" of "ContestForm".
in C:\xampp\htdocs\alc-total\protected\controllers\ContestController.php (227)
in C:\xampp\htdocs\alc-total\index.php (15)
2014/05/23 19:12:43 [warning] [application] Failed to set unsafe attribute "type" of "ContestForm".
in C:\xampp\htdocs\alc-total\protected\controllers\ContestController.php (227)
in C:\xampp\htdocs\alc-total\index.php (15)
2014/05/23 19:12:43 [warning] [application] Failed to set unsafe attribute "problemCount" of "ContestForm".
in C:\xampp\htdocs\alc-total\protected\controllers\ContestController.php (779)
in C:\xampp\htdocs\alc-total\protected\controllers\ContestController.php (252)
in C:\xampp\htdocs\alc-total\index.php (15)
2014/05/23 19:12:43 [warning] [application] Failed to set unsafe attribute "blank_score" of "ContestForm".
in C:\xampp\htdocs\alc-total\protected\controllers\ContestController.php (779)
in C:\xampp\htdocs\alc-total\protected\controllers\ContestController.php (252)
in C:\xampp\htdocs\alc-total\index.php (15)
2014/05/23 19:12:43 [warning] [application] Failed to set unsafe attribute "type" of "ContestForm".
in C:\xampp\htdocs\alc-total\protected\controllers\ContestController.php (779)
in C:\xampp\htdocs\alc-total\protected\controllers\ContestController.php (252)
in C:\xampp\htdocs\alc-total\index.php (15)
2014/05/23 19:12:46 [warning] [application] Failed to set unsafe attribute "id" of "ContestForm".
in C:\xampp\htdocs\alc-total\protected\controllers\ContestController.php (227)
in C:\xampp\htdocs\alc-total\index.php (15)
2014/05/23 19:12:46 [warning] [application] Failed to set unsafe attribute "type" of "ContestForm".
in C:\xampp\htdocs\alc-total\protected\controllers\ContestController.php (227)
in C:\xampp\htdocs\alc-total\index.php (15)
2014/05/23 19:12:51 [error] [php] Undefined offset: 57 (C:\xampp\htdocs\alc-total\protected\views\contest\contestant\problem.php:113)
Stack trace:
#0 C:\xampp\htdocs\alc-total\framework\web\CController.php(869): ContestController->renderFile()
#1 C:\xampp\htdocs\alc-total\framework\web\CController.php(782): ContestController->renderPartial()
#2 C:\xampp\htdocs\alc-total\protected\controllers\ContestController.php(842): ContestController->render()
#3 unknown(0): ContestController->actionProblem()
#4 C:\xampp\htdocs\alc-total\framework\web\actions\CAction.php(108): ReflectionMethod->invokeArgs()
#5 C:\xampp\htdocs\alc-total\framework\web\actions\CInlineAction.php(47): CInlineAction->runWithParamsInternal()
#6 C:\xampp\htdocs\alc-total\framework\web\CController.php(308): CInlineAction->runWithParams()
#7 C:\xampp\htdocs\alc-total\framework\web\filters\CFilterChain.php(133): ContestController->runAction()
#8 C:\xampp\htdocs\alc-total\framework\web\filters\CFilter.php(40): CFilterChain->run()
#9 C:\xampp\htdocs\alc-total\framework\web\CController.php(1145): CAccessControlFilter->filter()
#10 C:\xampp\htdocs\alc-total\framework\web\filters\CInlineFilter.php(58): ContestController->filterAccessControl()
#11 C:\xampp\htdocs\alc-total\framework\web\filters\CFilterChain.php(130): CInlineFilter->filter()
#12 C:\xampp\htdocs\alc-total\framework\web\CController.php(291): CFilterChain->run()
#13 C:\xampp\htdocs\alc-total\framework\web\CController.php(265): ContestController->runActionWithFilters()
#14 C:\xampp\htdocs\alc-total\framework\web\CWebApplication.php(282): ContestController->run()
#15 C:\xampp\htdocs\alc-total\framework\web\CWebApplication.php(141): CWebApplication->runController()
#16 C:\xampp\htdocs\alc-total\framework\base\CApplication.php(180): CWebApplication->processRequest()
#17 C:\xampp\htdocs\alc-total\index.php(15): CWebApplication->run()
REQUEST_URI=/alc-total/index.php/contest/55/problem
in C:\xampp\htdocs\alc-total\protected\views\contest\contestant\problem.php (113)
in C:\xampp\htdocs\alc-total\protected\controllers\ContestController.php (842)
in C:\xampp\htdocs\alc-total\index.php (15)
2014/05/23 19:13:53 [error] [exception.CException] exception 'CException' with message 'Submission and its behaviors do not have a method or closure named "generateSubmissions".' in C:\xampp\htdocs\alc-total\framework\base\CComponent.php:266
Stack trace:
#0 C:\xampp\htdocs\alc-total\framework\db\ar\CActiveRecord.php(227): CComponent->__call('generateSubmiss...', Array)
#1 C:\xampp\htdocs\alc-total\protected\controllers\ContestController.php(336): CActiveRecord->__call('generateSubmiss...', Array)
#2 C:\xampp\htdocs\alc-total\protected\controllers\ContestController.php(336): Submission->generateSubmissions(Object(ContestSubmission))
#3 [internal function]: ContestController->actionStart('50')
#4 C:\xampp\htdocs\alc-total\framework\web\actions\CAction.php(108): ReflectionMethod->invokeArgs(Object(ContestController), Array)
#5 C:\xampp\htdocs\alc-total\framework\web\actions\CInlineAction.php(47): CAction->runWithParamsInternal(Object(ContestController), Object(ReflectionMethod), Array)
#6 C:\xampp\htdocs\alc-total\framework\web\CController.php(308): CInlineAction->runWithParams(Array)
#7 C:\xampp\htdocs\alc-total\framework\web\filters\CFilterChain.php(133): CController->runAction(Object(CInlineAction))
#8 C:\xampp\htdocs\alc-total\framework\web\filters\CFilter.php(40): CFilterChain->run()
#9 C:\xampp\htdocs\alc-total\framework\web\CController.php(1145): CFilter->filter(Object(CFilterChain))
#10 C:\xampp\htdocs\alc-total\framework\web\filters\CInlineFilter.php(58): CController->filterAccessControl(Object(CFilterChain))
#11 C:\xampp\htdocs\alc-total\framework\web\filters\CFilterChain.php(130): CInlineFilter->filter(Object(CFilterChain))
#12 C:\xampp\htdocs\alc-total\framework\web\CController.php(291): CFilterChain->run()
#13 C:\xampp\htdocs\alc-total\framework\web\CController.php(265): CController->runActionWithFilters(Object(CInlineAction), Array)
#14 C:\xampp\htdocs\alc-total\framework\web\CWebApplication.php(282): CController->run('start')
#15 C:\xampp\htdocs\alc-total\framework\web\CWebApplication.php(141): CWebApplication->runController('contest/start')
#16 C:\xampp\htdocs\alc-total\framework\base\CApplication.php(180): CWebApplication->processRequest()
#17 C:\xampp\htdocs\alc-total\index.php(15): CApplication->run()
#18 {main}
REQUEST_URI=/alc-total/index.php/contest/50/start
HTTP_REFERER=http://localhost/alc-total/index.php/contest/50/view
---
